<?xml version="1.0" encoding="UTF-8"?>
<!-- Generated by org.testng.reporters.JUnitReportReporter -->
<testsuite hostname="DESKTOP-KARKID0" failures="0" tests="12" name="api.testcases.user_dataDriven_TC" time="17.028" errors="0" timestamp="2024-07-02T15:43:58 IST" skipped="0">
  <testcase classname="api.testcases.user_dataDriven_TC" name="testCreateUser" time="4.196"/>
  <testcase classname="api.testcases.user_dataDriven_TC" name="testCreateUser" time="1.155"/>
  <testcase classname="api.testcases.user_dataDriven_TC" name="testCreateUser" time="1.137"/>
  <testcase classname="api.testcases.user_dataDriven_TC" name="testCreateUser" time="1.185"/>
  <testcase classname="api.testcases.user_dataDriven_TC" name="getUser" time="1.102"/>
  <testcase classname="api.testcases.user_dataDriven_TC" name="getUser" time="1.202"/>
  <testcase classname="api.testcases.user_dataDriven_TC" name="getUser" time="1.124"/>
  <testcase classname="api.testcases.user_dataDriven_TC" name="getUser" time="1.092"/>
  <testcase classname="api.testcases.user_dataDriven_TC" name="deleteUser" time="1.437"/>
  <testcase classname="api.testcases.user_dataDriven_TC" name="deleteUser" time="1.118"/>
  <testcase classname="api.testcases.user_dataDriven_TC" name="deleteUser" time="1.140"/>
  <testcase classname="api.testcases.user_dataDriven_TC" name="deleteUser" time="1.140"/>
</testsuite> <!-- api.testcases.user_dataDriven_TC -->
