<?xml version="1.0" encoding="UTF-8"?>
<!-- Generated by org.testng.reporters.JUnitReportReporter -->
<testsuite hostname="DESKTOP-KARKID0" failures="0" tests="12" name="api.testcases.user_dataDriven_TC" time="25.237" errors="0" timestamp="2024-07-02T13:57:04 IST" skipped="0">
  <testcase classname="api.testcases.user_dataDriven_TC" name="testCreateUser" time="12.216"/>
  <testcase classname="api.testcases.user_dataDriven_TC" name="testCreateUser" time="1.188"/>
  <testcase classname="api.testcases.user_dataDriven_TC" name="testCreateUser" time="1.356"/>
  <testcase classname="api.testcases.user_dataDriven_TC" name="testCreateUser" time="1.452"/>
  <testcase classname="api.testcases.user_dataDriven_TC" name="getUser" time="1.159"/>
  <testcase classname="api.testcases.user_dataDriven_TC" name="getUser" time="1.092"/>
  <testcase classname="api.testcases.user_dataDriven_TC" name="getUser" time="1.125"/>
  <testcase classname="api.testcases.user_dataDriven_TC" name="getUser" time="1.104"/>
  <testcase classname="api.testcases.user_dataDriven_TC" name="deleteUser" time="1.140"/>
  <testcase classname="api.testcases.user_dataDriven_TC" name="deleteUser" time="1.092"/>
  <testcase classname="api.testcases.user_dataDriven_TC" name="deleteUser" time="1.172"/>
  <testcase classname="api.testcases.user_dataDriven_TC" name="deleteUser" time="1.141"/>
</testsuite> <!-- api.testcases.user_dataDriven_TC -->
