<?xml version="1.0" encoding="UTF-8"?>
<!-- Generated by org.testng.reporters.JUnitReportReporter -->
<testsuite hostname="DESKTOP-KARKID0" failures="0" tests="3" name="api.testcases.store_TC" time="3.481" errors="0" timestamp="2024-06-30T16:18:47 IST" skipped="0">
  <testcase classname="api.testcases.store_TC" name="createOrder" time="1.099"/>
  <testcase classname="api.testcases.store_TC" name="getOrder" time="1.094"/>
  <testcase classname="api.testcases.store_TC" name="deleteOrder" time="1.288"/>
</testsuite> <!-- api.testcases.store_TC -->
