<?xml version="1.0" encoding="UTF-8"?>
<!-- Generated by org.testng.reporters.JUnitReportReporter -->
<testsuite hostname="DESKTOP-KARKID0" failures="0" tests="4" name="api.testcases.user_TC" time="6.806" errors="0" timestamp="2024-06-30T16:18:47 IST" skipped="0">
  <testcase classname="api.testcases.user_TC" name="create_user" time="3.365"/>
  <testcase classname="api.testcases.user_TC" name="getUser" time="1.156"/>
  <testcase classname="api.testcases.user_TC" name="updateUser" time="1.116"/>
  <testcase classname="api.testcases.user_TC" name="deleteUser" time="1.169"/>
</testsuite> <!-- api.testcases.user_TC -->
