<?xml version="1.0" encoding="UTF-8"?>
<!-- Generated by org.testng.reporters.JUnitReportReporter -->
<testsuite hostname="DESKTOP-KARKID0" failures="0" tests="4" name="api.testcases.user_properties_datadriven" time="7.782" errors="0" timestamp="2024-07-02T15:58:19 IST" skipped="0">
  <testcase classname="api.testcases.user_properties_datadriven" name="create_user" time="4.297"/>
  <testcase classname="api.testcases.user_properties_datadriven" name="getUser" time="1.163"/>
  <testcase classname="api.testcases.user_properties_datadriven" name="updateUser" time="1.238"/>
  <testcase classname="api.testcases.user_properties_datadriven" name="deleteUser" time="1.084"/>
</testsuite> <!-- api.testcases.user_properties_datadriven -->
